<?xml version="1.0" encoding="UTF-8"?>
<testng-results ignored="0" total="1" passed="1" failed="0" skipped="0">
  <reporter-output>
  </reporter-output>
  <suite started-at="2022-09-21T08:34:20 IST" name="Default suite" finished-at="2022-09-21T08:34:31 IST" duration-ms="10796">
    <groups>
    </groups>
    <test started-at="2022-09-21T08:34:20 IST" name="Default test" finished-at="2022-09-21T08:34:31 IST" duration-ms="10796">
      <class name="ExtentReportGenerate.ExtentReportGenerateDemo">
        <test-method is-config="true" signature="extentReport()[pri:0, instance:ExtentReportGenerate.ExtentReportGenerateDemo@498d318c]" started-at="2022-09-21T08:34:20 IST" name="extentReport" finished-at="2022-09-21T08:34:21 IST" duration-ms="368" status="PASS">
          <reporter-output>
          </reporter-output>
        </test-method> <!-- extentReport -->
        <test-method signature="extentReportDemo()[pri:0, instance:ExtentReportGenerate.ExtentReportGenerateDemo@498d318c]" started-at="2022-09-21T08:34:21 IST" name="extentReportDemo" finished-at="2022-09-21T08:34:31 IST" duration-ms="10362" status="PASS">
          <reporter-output>
          </reporter-output>
        </test-method> <!-- extentReportDemo -->
      </class> <!-- ExtentReportGenerate.ExtentReportGenerateDemo -->
    </test> <!-- Default test -->
  </suite> <!-- Default suite -->
</testng-results>
